<?xml version="1.0" encoding="UTF-8"?>
<!-- Generated by org.testng.reporters.JUnitXMLReporter -->
<testsuite hostname="Shubham" name="Test1" tests="1" failures="1" timestamp="28 Sep 2020 11:31:55 GMT" time="0.066" errors="0">
  <testcase name="validating" time="0.034" classname="store.ValidateTitle">
    <failure type="java.lang.NullPointerException">
      <![CDATA[java.lang.NullPointerException
	at pageObjects.LandingPage.gettitle(LandingPage.java:54)
	at store.ValidateTitle.validating(ValidateTitle.java:32)
... Removed 24 stack frames]]>
    </failure>
  </testcase> <!-- validating -->
</testsuite> <!-- Test1 -->
